d:\labs2\bpa-2023\bpa-2023\debug\src\temp\vc143.pdb
d:\labs2\bpa-2023\bpa-2023\debug\src\temp\vc143.idb
d:\labs2\bpa-2023\bpa-2023\debug\src\temp\stdafx.obj
d:\labs2\bpa-2023\bpa-2023\debug\src\temp\semanaliz.obj
d:\labs2\bpa-2023\bpa-2023\debug\src\temp\parm.obj
d:\labs2\bpa-2023\bpa-2023\debug\src\temp\mfst.obj
d:\labs2\bpa-2023\bpa-2023\debug\src\temp\lt.obj
d:\labs2\bpa-2023\bpa-2023\debug\src\temp\log.obj
d:\labs2\bpa-2023\bpa-2023\debug\src\temp\lexicalanalysis.obj
d:\labs2\bpa-2023\bpa-2023\debug\src\temp\it.obj
d:\labs2\bpa-2023\bpa-2023\debug\src\temp\in.obj
d:\labs2\bpa-2023\bpa-2023\debug\src\temp\greibach.obj
d:\labs2\bpa-2023\bpa-2023\debug\src\temp\fst.obj
d:\labs2\bpa-2023\bpa-2023\debug\src\temp\error.obj
d:\labs2\bpa-2023\bpa-2023\debug\src\temp\dividing.obj
d:\labs2\bpa-2023\bpa-2023\debug\src\temp\codegeneration.obj
d:\labs2\bpa-2023\bpa-2023\debug\src\temp\bpa-2023.obj
d:\labs2\bpa-2023\bpa-2023\debug\bpa-2023.exe
d:\labs2\bpa-2023\bpa-2023\debug\src\temp\bpa-2023.ilk
d:\labs2\bpa-2023\bpa-2023\debug\bpa-2023.pdb
d:\labs2\bpa-2023\bpa-2023\debug\src\temp\bpa-2023.tlog\cl.command.1.tlog
d:\labs2\bpa-2023\bpa-2023\debug\src\temp\bpa-2023.tlog\cl.items.tlog
d:\labs2\bpa-2023\bpa-2023\debug\src\temp\bpa-2023.tlog\cl.read.1.tlog
d:\labs2\bpa-2023\bpa-2023\debug\src\temp\bpa-2023.tlog\cl.write.1.tlog
d:\labs2\bpa-2023\bpa-2023\debug\src\temp\bpa-2023.tlog\link.command.1.tlog
d:\labs2\bpa-2023\bpa-2023\debug\src\temp\bpa-2023.tlog\link.read.1.tlog
d:\labs2\bpa-2023\bpa-2023\debug\src\temp\bpa-2023.tlog\link.write.1.tlog
